<?xml version="1.0" encoding="UTF-8"?>
<testsuite xmlns:xsi="http://www.w3.org/2001/XMLSchema-instance" xsi:noNamespaceSchemaLocation="https://maven.apache.org/surefire/maven-surefire-plugin/xsd/surefire-test-report.xsd" name="TestSuite" time="10.753" tests="2" errors="0" skipped="0" failures="1">
  <properties>
[...]
</properties>
  <testcase name="loginApp" classname="com.qa.test.LoginPageTest" time="0.339"/>
  <testcase name="verifyTitle" classname="com.qa.test.LoginPageTest" time="0.091">
    <failure message="expected [Guru99 Bank Home Page11] but found [Guru99 Bank Home Page]" type="java.lang.AssertionError">java.lang.AssertionError: expected [Guru99 Bank Home Page11] but found [Guru99 Bank Home Page]
	at com.qa.test.LoginPageTest.verifyTitle(LoginPageTest.java:37)
</failure>
    <system-out><![CDATA[Guru99 Bank Home Page
Failed Test
]]></system-out>
    <system-err><![CDATA[1630103596417	Marionette	INFO	Stopped listening on port 52623
JavaScript error: resource:///modules/Interactions.jsm, line 209: NS_ERROR_FAILURE: Component returned failure code: 0x80004005 (NS_ERROR_FAILURE) [nsIUserIdleService.removeIdleObserver]
!!! error running onStopped callback: TypeError: callback is not a function

###!!! [Parent][RunMessage] Error: Channel closing: too late to send/recv, messages will be lost

1630103596768	RemoteAgent	ERROR	unable to stop listener: [Exception... "Component returned failure code: 0x8000ffff (NS_ERROR_UNEXPECTED) [nsIWindowMediator.getEnumerator]"  nsresult: "0x8000ffff (NS_ERROR_UNEXPECTED)"  location: "JS frame :: chrome://remote/content/cdp/observers/TargetObserver.jsm :: stop :: line 64"  data: no] Stack trace: stop()@TargetObserver.jsm:64
unwatchForTabs()@TargetList.jsm:70
unwatchForTargets()@TargetList.jsm:37
destructor()@TargetList.jsm:109
stop()@CDP.jsm:104
close()@RemoteAgent.jsm:138
1630103597027	geckodriver	INFO	Listening on 127.0.0.1:4197
1630103597528	mozrunner::runner	INFO	Running command: "C:\\Program Files\\Mozilla Firefox\\firefox.exe" "--marionette" "--remote-debugging-port" "0" "-foreground" "-no-remote" "-profile" "C:\\Users\\taman\\AppData\\Local\\Temp\\rust_mozprofileXGhrIM"
1630103597793	Marionette	INFO	Marionette enabled
console.warn: SearchSettings: "get: No settings file exists, new profile?" (new NotFoundError("Could not open the file at C:\\Users\\taman\\AppData\\Local\\Temp\\rust_mozprofileXGhrIM\\search.json.mozlz4", (void 0)))
DevTools listening on ws://localhost:52707/devtools/browser/0c2125ad-b918-4c6b-af27-7d716faaded3
1630103599523	Marionette	INFO	Listening on port 52689
1630103599594	RemoteAgent	WARN	TLS certificate errors will be ignored for this session
Aug. 27, 2021 6:33:19 P.M. org.openqa.selenium.remote.ProtocolHandshake createSession
INFO: Detected dialect: W3C
]]></system-err>
  </testcase>
</testsuite>